<?xml version="1.0" encoding="UTF-8"?>
<testng-results ignored="0" total="2" passed="2" failed="0" skipped="0">
  <reporter-output>
  </reporter-output>
  <suite started-at="2023-11-14T11:51:39 IST" name="Suite" finished-at="2023-11-14T11:51:40 IST" duration-ms="222">
    <groups>
    </groups>
    <test started-at="2023-11-14T11:51:39 IST" name="Test" finished-at="2023-11-14T11:51:40 IST" duration-ms="222">
      <class name="gitPush.newtry.learning_test">
        <test-method signature="assertMethod()[pri:0, instance:gitPush.newtry.learning_test@669513d8]" started-at="2023-11-14T11:51:40 IST" name="assertMethod" finished-at="2023-11-14T11:51:40 IST" duration-ms="53" status="PASS">
          <reporter-output>
          </reporter-output>
        </test-method> <!-- assertMethod -->
        <test-method signature="calci()[pri:0, instance:gitPush.newtry.learning_test@669513d8]" started-at="2023-11-14T11:51:40 IST" name="calci" finished-at="2023-11-14T11:51:40 IST" duration-ms="16" status="PASS">
          <reporter-output>
          </reporter-output>
        </test-method> <!-- calci -->
      </class> <!-- gitPush.newtry.learning_test -->
    </test> <!-- Test -->
  </suite> <!-- Suite -->
</testng-results>
